[2022-11-15 00:45:16.228] [INFO ] [SpringApplicationShutdownHook] org.springframework.orm.jpa.LocalContainerEntityManagerFactoryBean Closing JPA EntityManagerFactory for persistence unit 'default'
[2022-11-15 00:45:16.316] [INFO ] [SpringApplicationShutdownHook] com.zaxxer.hikari.HikariDataSource HikariPool-1 - Shutdown initiated...
[2022-11-15 00:45:16.473] [INFO ] [SpringApplicationShutdownHook] com.zaxxer.hikari.HikariDataSource HikariPool-1 - Shutdown completed.
[2022-11-15 14:57:01.933] [INFO ] [main] com.shop.repository.ItemRepositoryTest Starting ItemRepositoryTest using Java 11.0.16 on DESKTOP-O08JD9T with PID 6828 (started by user1 in D:\Backend\jpa_mysql_shop)
[2022-11-15 14:57:01.934] [INFO ] [main] com.shop.repository.ItemRepositoryTest No active profile set, falling back to 1 default profile: "default"
[2022-11-15 14:57:02.567] [INFO ] [main] org.springframework.data.repository.config.RepositoryConfigurationDelegate Bootstrapping Spring Data JPA repositories in DEFAULT mode.
[2022-11-15 14:57:02.600] [INFO ] [main] org.springframework.data.repository.config.RepositoryConfigurationDelegate Finished Spring Data repository scanning in 28 ms. Found 1 JPA repository interfaces.
[2022-11-15 14:57:03.008] [INFO ] [main] org.hibernate.jpa.internal.util.LogHelper HHH000204: Processing PersistenceUnitInfo [name: default]
[2022-11-15 14:57:03.051] [INFO ] [main] org.hibernate.Version HHH000412: Hibernate ORM core version 5.6.12.Final
[2022-11-15 14:57:03.184] [INFO ] [main] org.hibernate.annotations.common.Version HCANN000001: Hibernate Commons Annotations {5.1.2.Final}
[2022-11-15 14:57:03.298] [INFO ] [main] com.zaxxer.hikari.HikariDataSource HikariPool-1 - Starting...
[2022-11-15 14:57:03.659] [INFO ] [main] com.zaxxer.hikari.HikariDataSource HikariPool-1 - Start completed.
[2022-11-15 14:57:03.684] [INFO ] [main] org.hibernate.dialect.Dialect HHH000400: Using dialect: org.hibernate.dialect.MySQL8Dialect
[2022-11-15 14:57:04.219] [INFO ] [main] org.hibernate.engine.transaction.jta.platform.internal.JtaPlatformInitiator HHH000490: Using JtaPlatform implementation: [org.hibernate.engine.transaction.jta.platform.internal.NoJtaPlatform]
[2022-11-15 14:57:04.226] [INFO ] [main] org.springframework.orm.jpa.LocalContainerEntityManagerFactoryBean Initialized JPA EntityManagerFactory for persistence unit 'default'
[2022-11-15 14:57:04.276] [WARN ] [main] org.springframework.boot.autoconfigure.orm.jpa.JpaBaseConfiguration$JpaWebConfiguration spring.jpa.open-in-view is enabled by default. Therefore, database queries may be performed during view rendering. Explicitly configure spring.jpa.open-in-view to disable this warning
[2022-11-15 14:57:04.343] [WARN ] [main] org.springframework.boot.autoconfigure.security.servlet.UserDetailsServiceAutoConfiguration 

Using generated security password: 5f73956e-576b-464d-b045-df29624974a2

This generated password is for development use only. Your security configuration must be updated before running your application in production.

[2022-11-15 14:57:04.460] [INFO ] [main] org.springframework.security.web.DefaultSecurityFilterChain Will secure any request with [org.springframework.security.web.session.DisableEncodeUrlFilter@7fdf7359, org.springframework.security.web.context.request.async.WebAsyncManagerIntegrationFilter@4a36a35d, org.springframework.security.web.context.SecurityContextPersistenceFilter@4603c412, org.springframework.security.web.header.HeaderWriterFilter@7772ec28, org.springframework.security.web.csrf.CsrfFilter@1b120d48, org.springframework.security.web.authentication.logout.LogoutFilter@799206ad, org.springframework.security.web.savedrequest.RequestCacheAwareFilter@5169db2f, org.springframework.security.web.servletapi.SecurityContextHolderAwareRequestFilter@613a608e, org.springframework.security.web.authentication.AnonymousAuthenticationFilter@52ba21e4, org.springframework.security.web.session.SessionManagementFilter@33845e3d, org.springframework.security.web.access.ExceptionTranslationFilter@6130a6f5]
[2022-11-15 14:57:05.475] [INFO ] [main] com.shop.repository.ItemRepositoryTest Started ItemRepositoryTest in 3.87 seconds (JVM running for 4.651)
[2022-11-15 14:57:05.749] [INFO ] [main] ItemRepositoryTest Item(id=10, itemNm=테스트 상품10, price=10010, stockNumber=100, itemDetail=테스트 상품 상세 설명10, itemSellStatus=SELL, regTime=2022-11-15T14:57:05.680479, updateTime=2022-11-15T14:57:05.680479)
[2022-11-15 14:57:05.749] [INFO ] [main] ItemRepositoryTest Item(id=9, itemNm=테스트 상품9, price=10009, stockNumber=100, itemDetail=테스트 상품 상세 설명9, itemSellStatus=SELL, regTime=2022-11-15T14:57:05.674494, updateTime=2022-11-15T14:57:05.674494)
[2022-11-15 14:57:05.749] [INFO ] [main] ItemRepositoryTest Item(id=8, itemNm=테스트 상품8, price=10008, stockNumber=100, itemDetail=테스트 상품 상세 설명8, itemSellStatus=SELL, regTime=2022-11-15T14:57:05.668512, updateTime=2022-11-15T14:57:05.668512)
[2022-11-15 14:57:05.749] [INFO ] [main] ItemRepositoryTest Item(id=7, itemNm=테스트 상품7, price=10007, stockNumber=100, itemDetail=테스트 상품 상세 설명7, itemSellStatus=SELL, regTime=2022-11-15T14:57:05.662505, updateTime=2022-11-15T14:57:05.662505)
[2022-11-15 14:57:05.749] [INFO ] [main] ItemRepositoryTest Item(id=6, itemNm=테스트 상품6, price=10006, stockNumber=100, itemDetail=테스트 상품 상세 설명6, itemSellStatus=SELL, regTime=2022-11-15T14:57:05.657519, updateTime=2022-11-15T14:57:05.657519)
[2022-11-15 14:57:05.749] [INFO ] [main] ItemRepositoryTest Item(id=5, itemNm=테스트 상품5, price=10005, stockNumber=100, itemDetail=테스트 상품 상세 설명5, itemSellStatus=SELL, regTime=2022-11-15T14:57:05.651558, updateTime=2022-11-15T14:57:05.651558)
[2022-11-15 14:57:05.749] [INFO ] [main] ItemRepositoryTest Item(id=4, itemNm=테스트 상품4, price=10004, stockNumber=100, itemDetail=테스트 상품 상세 설명4, itemSellStatus=SELL, regTime=2022-11-15T14:57:05.646548, updateTime=2022-11-15T14:57:05.646548)
[2022-11-15 14:57:05.749] [INFO ] [main] ItemRepositoryTest Item(id=3, itemNm=테스트 상품3, price=10003, stockNumber=100, itemDetail=테스트 상품 상세 설명3, itemSellStatus=SELL, regTime=2022-11-15T14:57:05.641608, updateTime=2022-11-15T14:57:05.641608)
[2022-11-15 14:57:05.749] [INFO ] [main] ItemRepositoryTest Item(id=2, itemNm=테스트 상품2, price=10002, stockNumber=100, itemDetail=테스트 상품 상세 설명2, itemSellStatus=SELL, regTime=2022-11-15T14:57:05.635577, updateTime=2022-11-15T14:57:05.635577)
[2022-11-15 14:57:05.749] [INFO ] [main] ItemRepositoryTest Item(id=1, itemNm=테스트 상품1, price=10001, stockNumber=100, itemDetail=테스트 상품 상세 설명1, itemSellStatus=SELL, regTime=2022-11-15T14:57:05.565790, updateTime=2022-11-15T14:57:05.565790)
[2022-11-15 14:57:05.765] [INFO ] [SpringApplicationShutdownHook] org.springframework.orm.jpa.LocalContainerEntityManagerFactoryBean Closing JPA EntityManagerFactory for persistence unit 'default'
[2022-11-15 14:57:05.767] [INFO ] [SpringApplicationShutdownHook] com.zaxxer.hikari.HikariDataSource HikariPool-1 - Shutdown initiated...
[2022-11-15 14:57:05.781] [INFO ] [SpringApplicationShutdownHook] com.zaxxer.hikari.HikariDataSource HikariPool-1 - Shutdown completed.
[2022-11-15 15:27:44.231] [INFO ] [main] com.shop.repository.ItemRepositoryTest Starting ItemRepositoryTest using Java 11.0.16 on DESKTOP-O08JD9T with PID 17136 (started by user1 in D:\Backend\jpa_mysql_shop)
[2022-11-15 15:27:44.232] [INFO ] [main] com.shop.repository.ItemRepositoryTest No active profile set, falling back to 1 default profile: "default"
[2022-11-15 15:27:44.842] [INFO ] [main] org.springframework.data.repository.config.RepositoryConfigurationDelegate Bootstrapping Spring Data JPA repositories in DEFAULT mode.
[2022-11-15 15:27:44.881] [INFO ] [main] org.springframework.data.repository.config.RepositoryConfigurationDelegate Finished Spring Data repository scanning in 33 ms. Found 1 JPA repository interfaces.
[2022-11-15 15:27:45.294] [INFO ] [main] org.hibernate.jpa.internal.util.LogHelper HHH000204: Processing PersistenceUnitInfo [name: default]
[2022-11-15 15:27:45.330] [INFO ] [main] org.hibernate.Version HHH000412: Hibernate ORM core version 5.6.12.Final
[2022-11-15 15:27:45.444] [INFO ] [main] org.hibernate.annotations.common.Version HCANN000001: Hibernate Commons Annotations {5.1.2.Final}
[2022-11-15 15:27:45.557] [INFO ] [main] com.zaxxer.hikari.HikariDataSource HikariPool-1 - Starting...
[2022-11-15 15:27:45.864] [INFO ] [main] com.zaxxer.hikari.HikariDataSource HikariPool-1 - Start completed.
[2022-11-15 15:27:45.887] [INFO ] [main] org.hibernate.dialect.Dialect HHH000400: Using dialect: org.hibernate.dialect.MySQL8Dialect
[2022-11-15 15:27:46.374] [INFO ] [main] org.hibernate.engine.transaction.jta.platform.internal.JtaPlatformInitiator HHH000490: Using JtaPlatform implementation: [org.hibernate.engine.transaction.jta.platform.internal.NoJtaPlatform]
[2022-11-15 15:27:46.380] [INFO ] [main] org.springframework.orm.jpa.LocalContainerEntityManagerFactoryBean Initialized JPA EntityManagerFactory for persistence unit 'default'
[2022-11-15 15:27:46.430] [WARN ] [main] org.springframework.boot.autoconfigure.orm.jpa.JpaBaseConfiguration$JpaWebConfiguration spring.jpa.open-in-view is enabled by default. Therefore, database queries may be performed during view rendering. Explicitly configure spring.jpa.open-in-view to disable this warning
[2022-11-15 15:27:46.497] [WARN ] [main] org.springframework.boot.autoconfigure.security.servlet.UserDetailsServiceAutoConfiguration 

Using generated security password: 739f204d-a0bb-46cf-8727-356bc26b05bc

This generated password is for development use only. Your security configuration must be updated before running your application in production.

[2022-11-15 15:27:46.608] [INFO ] [main] org.springframework.security.web.DefaultSecurityFilterChain Will secure any request with [org.springframework.security.web.session.DisableEncodeUrlFilter@bc88295, org.springframework.security.web.context.request.async.WebAsyncManagerIntegrationFilter@341df373, org.springframework.security.web.context.SecurityContextPersistenceFilter@37b1218, org.springframework.security.web.header.HeaderWriterFilter@4ebb7bab, org.springframework.security.web.csrf.CsrfFilter@76ee7301, org.springframework.security.web.authentication.logout.LogoutFilter@514f2020, org.springframework.security.web.savedrequest.RequestCacheAwareFilter@8ab231, org.springframework.security.web.servletapi.SecurityContextHolderAwareRequestFilter@7e741d6b, org.springframework.security.web.authentication.AnonymousAuthenticationFilter@7e9ed4df, org.springframework.security.web.session.SessionManagementFilter@3bf41cd0, org.springframework.security.web.access.ExceptionTranslationFilter@65cc3902]
[2022-11-15 15:27:47.609] [INFO ] [main] com.shop.repository.ItemRepositoryTest Started ItemRepositoryTest in 3.684 seconds (JVM running for 4.452)
[2022-11-15 15:27:47.875] [INFO ] [main] ItemRepositoryTest Item(id=10, itemNm=테스트 상품10, price=10010, stockNumber=100, itemDetail=테스트 상품 상세 설명10, itemSellStatus=SELL, regTime=2022-11-15T15:27:47.807461, updateTime=2022-11-15T15:27:47.807461)
[2022-11-15 15:27:47.876] [INFO ] [main] ItemRepositoryTest Item(id=9, itemNm=테스트 상품9, price=10009, stockNumber=100, itemDetail=테스트 상품 상세 설명9, itemSellStatus=SELL, regTime=2022-11-15T15:27:47.801477, updateTime=2022-11-15T15:27:47.801477)
[2022-11-15 15:27:47.876] [INFO ] [main] ItemRepositoryTest Item(id=8, itemNm=테스트 상품8, price=10008, stockNumber=100, itemDetail=테스트 상품 상세 설명8, itemSellStatus=SELL, regTime=2022-11-15T15:27:47.795492, updateTime=2022-11-15T15:27:47.795492)
[2022-11-15 15:27:47.876] [INFO ] [main] ItemRepositoryTest Item(id=7, itemNm=테스트 상품7, price=10007, stockNumber=100, itemDetail=테스트 상품 상세 설명7, itemSellStatus=SELL, regTime=2022-11-15T15:27:47.790506, updateTime=2022-11-15T15:27:47.790506)
[2022-11-15 15:27:47.876] [INFO ] [main] ItemRepositoryTest Item(id=6, itemNm=테스트 상품6, price=10006, stockNumber=100, itemDetail=테스트 상품 상세 설명6, itemSellStatus=SELL, regTime=2022-11-15T15:27:47.784522, updateTime=2022-11-15T15:27:47.784522)
[2022-11-15 15:27:47.876] [INFO ] [main] ItemRepositoryTest Item(id=5, itemNm=테스트 상품5, price=10005, stockNumber=100, itemDetail=테스트 상품 상세 설명5, itemSellStatus=SELL, regTime=2022-11-15T15:27:47.778538, updateTime=2022-11-15T15:27:47.778538)
[2022-11-15 15:27:47.876] [INFO ] [main] ItemRepositoryTest Item(id=4, itemNm=테스트 상품4, price=10004, stockNumber=100, itemDetail=테스트 상품 상세 설명4, itemSellStatus=SELL, regTime=2022-11-15T15:27:47.772555, updateTime=2022-11-15T15:27:47.772555)
[2022-11-15 15:27:47.876] [INFO ] [main] ItemRepositoryTest Item(id=3, itemNm=테스트 상품3, price=10003, stockNumber=100, itemDetail=테스트 상품 상세 설명3, itemSellStatus=SELL, regTime=2022-11-15T15:27:47.766575, updateTime=2022-11-15T15:27:47.766575)
[2022-11-15 15:27:47.876] [INFO ] [main] ItemRepositoryTest Item(id=2, itemNm=테스트 상품2, price=10002, stockNumber=100, itemDetail=테스트 상품 상세 설명2, itemSellStatus=SELL, regTime=2022-11-15T15:27:47.760586, updateTime=2022-11-15T15:27:47.760586)
[2022-11-15 15:27:47.876] [INFO ] [main] ItemRepositoryTest Item(id=1, itemNm=테스트 상품1, price=10001, stockNumber=100, itemDetail=테스트 상품 상세 설명1, itemSellStatus=SELL, regTime=2022-11-15T15:27:47.691770, updateTime=2022-11-15T15:27:47.691770)
[2022-11-15 15:27:47.894] [INFO ] [SpringApplicationShutdownHook] org.springframework.orm.jpa.LocalContainerEntityManagerFactoryBean Closing JPA EntityManagerFactory for persistence unit 'default'
[2022-11-15 15:27:47.896] [INFO ] [SpringApplicationShutdownHook] com.zaxxer.hikari.HikariDataSource HikariPool-1 - Shutdown initiated...
[2022-11-15 15:27:47.910] [INFO ] [SpringApplicationShutdownHook] com.zaxxer.hikari.HikariDataSource HikariPool-1 - Shutdown completed.
[2022-11-15 16:09:39.041] [INFO ] [main] com.shop.repository.ItemRepositoryTest Starting ItemRepositoryTest using Java 11.0.16 on DESKTOP-O08JD9T with PID 7528 (started by user1 in D:\Backend\jpa_mysql_shop)
[2022-11-15 16:09:39.042] [INFO ] [main] com.shop.repository.ItemRepositoryTest No active profile set, falling back to 1 default profile: "default"
[2022-11-15 16:09:39.649] [INFO ] [main] org.springframework.data.repository.config.RepositoryConfigurationDelegate Bootstrapping Spring Data JPA repositories in DEFAULT mode.
[2022-11-15 16:09:39.687] [INFO ] [main] org.springframework.data.repository.config.RepositoryConfigurationDelegate Finished Spring Data repository scanning in 32 ms. Found 2 JPA repository interfaces.
[2022-11-15 16:09:40.082] [INFO ] [main] org.hibernate.jpa.internal.util.LogHelper HHH000204: Processing PersistenceUnitInfo [name: default]
[2022-11-15 16:09:40.116] [INFO ] [main] org.hibernate.Version HHH000412: Hibernate ORM core version 5.6.12.Final
[2022-11-15 16:09:40.241] [INFO ] [main] org.hibernate.annotations.common.Version HCANN000001: Hibernate Commons Annotations {5.1.2.Final}
[2022-11-15 16:09:40.348] [INFO ] [main] com.zaxxer.hikari.HikariDataSource HikariPool-1 - Starting...
[2022-11-15 16:09:40.670] [INFO ] [main] com.zaxxer.hikari.HikariDataSource HikariPool-1 - Start completed.
[2022-11-15 16:09:40.693] [INFO ] [main] org.hibernate.dialect.Dialect HHH000400: Using dialect: org.hibernate.dialect.MySQL8Dialect
[2022-11-15 16:09:41.203] [INFO ] [main] org.hibernate.engine.transaction.jta.platform.internal.JtaPlatformInitiator HHH000490: Using JtaPlatform implementation: [org.hibernate.engine.transaction.jta.platform.internal.NoJtaPlatform]
[2022-11-15 16:09:41.209] [INFO ] [main] org.springframework.orm.jpa.LocalContainerEntityManagerFactoryBean Initialized JPA EntityManagerFactory for persistence unit 'default'
[2022-11-15 16:09:41.260] [WARN ] [main] org.springframework.boot.autoconfigure.orm.jpa.JpaBaseConfiguration$JpaWebConfiguration spring.jpa.open-in-view is enabled by default. Therefore, database queries may be performed during view rendering. Explicitly configure spring.jpa.open-in-view to disable this warning
[2022-11-15 16:09:41.325] [WARN ] [main] org.springframework.boot.autoconfigure.security.servlet.UserDetailsServiceAutoConfiguration 

Using generated security password: a6331384-7910-4ab1-ab48-f2ab075134b1

This generated password is for development use only. Your security configuration must be updated before running your application in production.

[2022-11-15 16:09:41.423] [INFO ] [main] org.springframework.security.web.DefaultSecurityFilterChain Will secure any request with [org.springframework.security.web.session.DisableEncodeUrlFilter@aade5a2, org.springframework.security.web.context.request.async.WebAsyncManagerIntegrationFilter@51f009ef, org.springframework.security.web.context.SecurityContextPersistenceFilter@5b3a8bea, org.springframework.security.web.header.HeaderWriterFilter@23119bc3, org.springframework.security.web.csrf.CsrfFilter@fa689db, org.springframework.security.web.authentication.logout.LogoutFilter@26c2f767, org.springframework.security.web.savedrequest.RequestCacheAwareFilter@38394e76, org.springframework.security.web.servletapi.SecurityContextHolderAwareRequestFilter@662e5590, org.springframework.security.web.authentication.AnonymousAuthenticationFilter@59c00722, org.springframework.security.web.session.SessionManagementFilter@613a608e, org.springframework.security.web.access.ExceptionTranslationFilter@e08d871]
[2022-11-15 16:09:42.437] [INFO ] [main] com.shop.repository.ItemRepositoryTest Started ItemRepositoryTest in 3.688 seconds (JVM running for 4.452)
[2022-11-15 16:09:42.703] [INFO ] [main] ItemRepositoryTest Item(id=10, itemNm=테스트 상품10, price=10010, stockNumber=100, itemDetail=테스트 상품 상세 설명10, itemSellStatus=SELL, regTime=2022-11-15T16:09:42.638832, updateTime=2022-11-15T16:09:42.638832)
[2022-11-15 16:09:42.703] [INFO ] [main] ItemRepositoryTest Item(id=9, itemNm=테스트 상품9, price=10009, stockNumber=100, itemDetail=테스트 상품 상세 설명9, itemSellStatus=SELL, regTime=2022-11-15T16:09:42.632848, updateTime=2022-11-15T16:09:42.632848)
[2022-11-15 16:09:42.703] [INFO ] [main] ItemRepositoryTest Item(id=8, itemNm=테스트 상품8, price=10008, stockNumber=100, itemDetail=테스트 상품 상세 설명8, itemSellStatus=SELL, regTime=2022-11-15T16:09:42.626864, updateTime=2022-11-15T16:09:42.626864)
[2022-11-15 16:09:42.703] [INFO ] [main] ItemRepositoryTest Item(id=7, itemNm=테스트 상품7, price=10007, stockNumber=100, itemDetail=테스트 상품 상세 설명7, itemSellStatus=SELL, regTime=2022-11-15T16:09:42.621879, updateTime=2022-11-15T16:09:42.621879)
[2022-11-15 16:09:42.703] [INFO ] [main] ItemRepositoryTest Item(id=6, itemNm=테스트 상품6, price=10006, stockNumber=100, itemDetail=테스트 상품 상세 설명6, itemSellStatus=SELL, regTime=2022-11-15T16:09:42.615895, updateTime=2022-11-15T16:09:42.615895)
[2022-11-15 16:09:42.704] [INFO ] [main] ItemRepositoryTest Item(id=5, itemNm=테스트 상품5, price=10005, stockNumber=100, itemDetail=테스트 상품 상세 설명5, itemSellStatus=SELL, regTime=2022-11-15T16:09:42.608928, updateTime=2022-11-15T16:09:42.608928)
[2022-11-15 16:09:42.704] [INFO ] [main] ItemRepositoryTest Item(id=4, itemNm=테스트 상품4, price=10004, stockNumber=100, itemDetail=테스트 상품 상세 설명4, itemSellStatus=SELL, regTime=2022-11-15T16:09:42.602954, updateTime=2022-11-15T16:09:42.602954)
[2022-11-15 16:09:42.704] [INFO ] [main] ItemRepositoryTest Item(id=3, itemNm=테스트 상품3, price=10003, stockNumber=100, itemDetail=테스트 상품 상세 설명3, itemSellStatus=SELL, regTime=2022-11-15T16:09:42.596945, updateTime=2022-11-15T16:09:42.596945)
[2022-11-15 16:09:42.704] [INFO ] [main] ItemRepositoryTest Item(id=2, itemNm=테스트 상품2, price=10002, stockNumber=100, itemDetail=테스트 상품 상세 설명2, itemSellStatus=SELL, regTime=2022-11-15T16:09:42.590960, updateTime=2022-11-15T16:09:42.590960)
[2022-11-15 16:09:42.704] [INFO ] [main] ItemRepositoryTest Item(id=1, itemNm=테스트 상품1, price=10001, stockNumber=100, itemDetail=테스트 상품 상세 설명1, itemSellStatus=SELL, regTime=2022-11-15T16:09:42.522145, updateTime=2022-11-15T16:09:42.522145)
[2022-11-15 16:09:42.718] [INFO ] [SpringApplicationShutdownHook] org.springframework.orm.jpa.LocalContainerEntityManagerFactoryBean Closing JPA EntityManagerFactory for persistence unit 'default'
[2022-11-15 16:09:42.720] [INFO ] [SpringApplicationShutdownHook] com.zaxxer.hikari.HikariDataSource HikariPool-1 - Shutdown initiated...
[2022-11-15 16:09:42.730] [INFO ] [SpringApplicationShutdownHook] com.zaxxer.hikari.HikariDataSource HikariPool-1 - Shutdown completed.
[2022-11-15 17:07:53.782] [INFO ] [main] com.shop.repository.ItemRepositoryTest Starting ItemRepositoryTest using Java 11.0.16 on DESKTOP-O08JD9T with PID 15168 (started by user1 in D:\Backend\jpa_mysql_shop)
[2022-11-15 17:07:53.783] [INFO ] [main] com.shop.repository.ItemRepositoryTest No active profile set, falling back to 1 default profile: "default"
[2022-11-15 17:07:54.403] [INFO ] [main] org.springframework.data.repository.config.RepositoryConfigurationDelegate Bootstrapping Spring Data JPA repositories in DEFAULT mode.
[2022-11-15 17:07:54.442] [INFO ] [main] org.springframework.data.repository.config.RepositoryConfigurationDelegate Finished Spring Data repository scanning in 33 ms. Found 2 JPA repository interfaces.
[2022-11-15 17:07:54.833] [INFO ] [main] org.hibernate.jpa.internal.util.LogHelper HHH000204: Processing PersistenceUnitInfo [name: default]
[2022-11-15 17:07:54.868] [INFO ] [main] org.hibernate.Version HHH000412: Hibernate ORM core version 5.6.12.Final
[2022-11-15 17:07:54.993] [INFO ] [main] org.hibernate.annotations.common.Version HCANN000001: Hibernate Commons Annotations {5.1.2.Final}
[2022-11-15 17:07:55.096] [INFO ] [main] com.zaxxer.hikari.HikariDataSource HikariPool-1 - Starting...
[2022-11-15 17:07:55.441] [INFO ] [main] com.zaxxer.hikari.HikariDataSource HikariPool-1 - Start completed.
[2022-11-15 17:07:55.464] [INFO ] [main] org.hibernate.dialect.Dialect HHH000400: Using dialect: org.hibernate.dialect.MySQL8Dialect
[2022-11-15 17:07:55.972] [INFO ] [main] org.hibernate.engine.transaction.jta.platform.internal.JtaPlatformInitiator HHH000490: Using JtaPlatform implementation: [org.hibernate.engine.transaction.jta.platform.internal.NoJtaPlatform]
[2022-11-15 17:07:55.978] [INFO ] [main] org.springframework.orm.jpa.LocalContainerEntityManagerFactoryBean Initialized JPA EntityManagerFactory for persistence unit 'default'
[2022-11-15 17:07:56.031] [WARN ] [main] org.springframework.boot.autoconfigure.orm.jpa.JpaBaseConfiguration$JpaWebConfiguration spring.jpa.open-in-view is enabled by default. Therefore, database queries may be performed during view rendering. Explicitly configure spring.jpa.open-in-view to disable this warning
[2022-11-15 17:07:56.376] [WARN ] [main] org.springframework.boot.autoconfigure.security.servlet.UserDetailsServiceAutoConfiguration 

Using generated security password: 61c899a8-2acd-44d8-8167-59aebe588cce

This generated password is for development use only. Your security configuration must be updated before running your application in production.

[2022-11-15 17:07:56.475] [INFO ] [main] org.springframework.security.web.DefaultSecurityFilterChain Will secure any request with [org.springframework.security.web.session.DisableEncodeUrlFilter@2d4f1ddd, org.springframework.security.web.context.request.async.WebAsyncManagerIntegrationFilter@5b4880b3, org.springframework.security.web.context.SecurityContextPersistenceFilter@7611e295, org.springframework.security.web.header.HeaderWriterFilter@1690929, org.springframework.security.web.csrf.CsrfFilter@139b3a29, org.springframework.security.web.authentication.logout.LogoutFilter@13edc1bc, org.springframework.security.web.savedrequest.RequestCacheAwareFilter@49faf815, org.springframework.security.web.servletapi.SecurityContextHolderAwareRequestFilter@79080255, org.springframework.security.web.authentication.AnonymousAuthenticationFilter@5ae67f05, org.springframework.security.web.session.SessionManagementFilter@1dae9e61, org.springframework.security.web.access.ExceptionTranslationFilter@7674f9d4]
[2022-11-15 17:07:57.269] [INFO ] [main] com.shop.repository.ItemRepositoryTest Started ItemRepositoryTest in 3.785 seconds (JVM running for 4.53)
[2022-11-15 17:07:57.529] [INFO ] [main] ItemRepositoryTest Item(id=10, itemNm=테스트 상품10, price=10010, stockNumber=100, itemDetail=테스트 상품 상세 설명10, itemSellStatus=SELL, regTime=2022-11-15T17:07:57.463503, updateTime=2022-11-15T17:07:57.463503)
[2022-11-15 17:07:57.529] [INFO ] [main] ItemRepositoryTest Item(id=9, itemNm=테스트 상품9, price=10009, stockNumber=100, itemDetail=테스트 상품 상세 설명9, itemSellStatus=SELL, regTime=2022-11-15T17:07:57.457494, updateTime=2022-11-15T17:07:57.457494)
[2022-11-15 17:07:57.529] [INFO ] [main] ItemRepositoryTest Item(id=8, itemNm=테스트 상품8, price=10008, stockNumber=100, itemDetail=테스트 상품 상세 설명8, itemSellStatus=SELL, regTime=2022-11-15T17:07:57.452507, updateTime=2022-11-15T17:07:57.452507)
[2022-11-15 17:07:57.529] [INFO ] [main] ItemRepositoryTest Item(id=7, itemNm=테스트 상품7, price=10007, stockNumber=100, itemDetail=테스트 상품 상세 설명7, itemSellStatus=SELL, regTime=2022-11-15T17:07:57.446523, updateTime=2022-11-15T17:07:57.447541)
[2022-11-15 17:07:57.529] [INFO ] [main] ItemRepositoryTest Item(id=6, itemNm=테스트 상품6, price=10006, stockNumber=100, itemDetail=테스트 상품 상세 설명6, itemSellStatus=SELL, regTime=2022-11-15T17:07:57.441536, updateTime=2022-11-15T17:07:57.441536)
[2022-11-15 17:07:57.529] [INFO ] [main] ItemRepositoryTest Item(id=5, itemNm=테스트 상품5, price=10005, stockNumber=100, itemDetail=테스트 상품 상세 설명5, itemSellStatus=SELL, regTime=2022-11-15T17:07:57.435578, updateTime=2022-11-15T17:07:57.435578)
[2022-11-15 17:07:57.529] [INFO ] [main] ItemRepositoryTest Item(id=4, itemNm=테스트 상품4, price=10004, stockNumber=100, itemDetail=테스트 상품 상세 설명4, itemSellStatus=SELL, regTime=2022-11-15T17:07:57.429568, updateTime=2022-11-15T17:07:57.429568)
[2022-11-15 17:07:57.529] [INFO ] [main] ItemRepositoryTest Item(id=3, itemNm=테스트 상품3, price=10003, stockNumber=100, itemDetail=테스트 상품 상세 설명3, itemSellStatus=SELL, regTime=2022-11-15T17:07:57.424581, updateTime=2022-11-15T17:07:57.424581)
[2022-11-15 17:07:57.529] [INFO ] [main] ItemRepositoryTest Item(id=2, itemNm=테스트 상품2, price=10002, stockNumber=100, itemDetail=테스트 상품 상세 설명2, itemSellStatus=SELL, regTime=2022-11-15T17:07:57.419594, updateTime=2022-11-15T17:07:57.419594)
[2022-11-15 17:07:57.529] [INFO ] [main] ItemRepositoryTest Item(id=1, itemNm=테스트 상품1, price=10001, stockNumber=100, itemDetail=테스트 상품 상세 설명1, itemSellStatus=SELL, regTime=2022-11-15T17:07:57.353798, updateTime=2022-11-15T17:07:57.353798)
[2022-11-15 17:07:57.545] [INFO ] [SpringApplicationShutdownHook] org.springframework.orm.jpa.LocalContainerEntityManagerFactoryBean Closing JPA EntityManagerFactory for persistence unit 'default'
[2022-11-15 17:07:57.547] [INFO ] [SpringApplicationShutdownHook] com.zaxxer.hikari.HikariDataSource HikariPool-1 - Shutdown initiated...
[2022-11-15 17:07:57.561] [INFO ] [SpringApplicationShutdownHook] com.zaxxer.hikari.HikariDataSource HikariPool-1 - Shutdown completed.
[2022-11-15 17:08:18.969] [INFO ] [main] com.shop.service.MemberServiceTest Starting MemberServiceTest using Java 11.0.16 on DESKTOP-O08JD9T with PID 7396 (started by user1 in D:\Backend\jpa_mysql_shop)
[2022-11-15 17:08:18.970] [INFO ] [main] com.shop.service.MemberServiceTest No active profile set, falling back to 1 default profile: "default"
[2022-11-15 17:08:19.608] [INFO ] [main] org.springframework.data.repository.config.RepositoryConfigurationDelegate Bootstrapping Spring Data JPA repositories in DEFAULT mode.
[2022-11-15 17:08:19.647] [INFO ] [main] org.springframework.data.repository.config.RepositoryConfigurationDelegate Finished Spring Data repository scanning in 32 ms. Found 2 JPA repository interfaces.
[2022-11-15 17:08:20.054] [INFO ] [main] org.hibernate.jpa.internal.util.LogHelper HHH000204: Processing PersistenceUnitInfo [name: default]
[2022-11-15 17:08:20.088] [INFO ] [main] org.hibernate.Version HHH000412: Hibernate ORM core version 5.6.12.Final
[2022-11-15 17:08:20.208] [INFO ] [main] org.hibernate.annotations.common.Version HCANN000001: Hibernate Commons Annotations {5.1.2.Final}
[2022-11-15 17:08:20.313] [INFO ] [main] com.zaxxer.hikari.HikariDataSource HikariPool-1 - Starting...
[2022-11-15 17:08:20.629] [INFO ] [main] com.zaxxer.hikari.HikariDataSource HikariPool-1 - Start completed.
[2022-11-15 17:08:20.652] [INFO ] [main] org.hibernate.dialect.Dialect HHH000400: Using dialect: org.hibernate.dialect.MySQL8Dialect
[2022-11-15 17:08:21.127] [INFO ] [main] org.hibernate.engine.transaction.jta.platform.internal.JtaPlatformInitiator HHH000490: Using JtaPlatform implementation: [org.hibernate.engine.transaction.jta.platform.internal.NoJtaPlatform]
[2022-11-15 17:08:21.133] [INFO ] [main] org.springframework.orm.jpa.LocalContainerEntityManagerFactoryBean Initialized JPA EntityManagerFactory for persistence unit 'default'
[2022-11-15 17:08:21.184] [WARN ] [main] org.springframework.boot.autoconfigure.orm.jpa.JpaBaseConfiguration$JpaWebConfiguration spring.jpa.open-in-view is enabled by default. Therefore, database queries may be performed during view rendering. Explicitly configure spring.jpa.open-in-view to disable this warning
[2022-11-15 17:08:21.521] [WARN ] [main] org.springframework.boot.autoconfigure.security.servlet.UserDetailsServiceAutoConfiguration 

Using generated security password: be356f98-76d8-4739-994c-e37682a81531

This generated password is for development use only. Your security configuration must be updated before running your application in production.

[2022-11-15 17:08:21.619] [INFO ] [main] org.springframework.security.web.DefaultSecurityFilterChain Will secure any request with [org.springframework.security.web.session.DisableEncodeUrlFilter@77604a86, org.springframework.security.web.context.request.async.WebAsyncManagerIntegrationFilter@63fde7ca, org.springframework.security.web.context.SecurityContextPersistenceFilter@4144d4a, org.springframework.security.web.header.HeaderWriterFilter@5cd6a827, org.springframework.security.web.csrf.CsrfFilter@c555e1e, org.springframework.security.web.authentication.logout.LogoutFilter@291522f1, org.springframework.security.web.savedrequest.RequestCacheAwareFilter@37b44e8e, org.springframework.security.web.servletapi.SecurityContextHolderAwareRequestFilter@3006aef5, org.springframework.security.web.authentication.AnonymousAuthenticationFilter@3a6409ec, org.springframework.security.web.session.SessionManagementFilter@22ba30b0, org.springframework.security.web.access.ExceptionTranslationFilter@1735e1c4]
[2022-11-15 17:08:22.416] [INFO ] [main] com.shop.service.MemberServiceTest Started MemberServiceTest in 3.742 seconds (JVM running for 4.494)
[2022-11-15 17:08:22.440] [INFO ] [main] org.springframework.test.context.transaction.TransactionContext Began transaction (1) for test context [DefaultTestContext@68ad99fe testClass = MemberServiceTest, testInstance = com.shop.service.MemberServiceTest@7d44e3c7, testMethod = saveMemberTest@MemberServiceTest, testException = [null], mergedContextConfiguration = [WebMergedContextConfiguration@485e36bc testClass = MemberServiceTest, locations = '{}', classes = '{class com.shop.ShopApplication}', contextInitializerClasses = '[]', activeProfiles = '{}', propertySourceLocations = '{}', propertySourceProperties = '{org.springframework.boot.test.context.SpringBootTestContextBootstrapper=true}', contextCustomizers = set[org.springframework.boot.test.context.filter.ExcludeFilterContextCustomizer@1787f2a0, org.springframework.boot.test.json.DuplicateJsonObjectContextCustomizerFactory$DuplicateJsonObjectContextCustomizer@35a3d49f, org.springframework.boot.test.mock.mockito.MockitoContextCustomizer@0, org.springframework.boot.test.web.client.TestRestTemplateContextCustomizer@57a3e26a, org.springframework.boot.test.autoconfigure.actuate.metrics.MetricsExportContextCustomizerFactory$DisableMetricExportContextCustomizer@27912e3, org.springframework.boot.test.autoconfigure.properties.PropertyMappingContextCustomizer@0, org.springframework.boot.test.autoconfigure.web.servlet.WebDriverContextCustomizerFactory$Customizer@3fce8fd9, org.springframework.boot.test.context.SpringBootTestArgs@1, org.springframework.boot.test.context.SpringBootTestWebEnvironment@3d3fcdb0], resourceBasePath = 'src/main/webapp', contextLoader = 'org.springframework.boot.test.context.SpringBootContextLoader', parent = [null]], attributes = map['org.springframework.test.context.web.ServletTestExecutionListener.activateListener' -> true, 'org.springframework.test.context.web.ServletTestExecutionListener.populatedRequestContextHolder' -> true, 'org.springframework.test.context.web.ServletTestExecutionListener.resetRequestContextHolder' -> true, 'org.springframework.test.context.event.ApplicationEventsTestExecutionListener.recordApplicationEvents' -> false]]; transaction manager [org.springframework.orm.jpa.JpaTransactionManager@27b7913]; rollback [true]
[2022-11-15 17:08:22.649] [INFO ] [main] org.springframework.test.context.transaction.TransactionContext Rolled back transaction for test: [DefaultTestContext@68ad99fe testClass = MemberServiceTest, testInstance = com.shop.service.MemberServiceTest@7d44e3c7, testMethod = saveMemberTest@MemberServiceTest, testException = [null], mergedContextConfiguration = [WebMergedContextConfiguration@485e36bc testClass = MemberServiceTest, locations = '{}', classes = '{class com.shop.ShopApplication}', contextInitializerClasses = '[]', activeProfiles = '{}', propertySourceLocations = '{}', propertySourceProperties = '{org.springframework.boot.test.context.SpringBootTestContextBootstrapper=true}', contextCustomizers = set[org.springframework.boot.test.context.filter.ExcludeFilterContextCustomizer@1787f2a0, org.springframework.boot.test.json.DuplicateJsonObjectContextCustomizerFactory$DuplicateJsonObjectContextCustomizer@35a3d49f, org.springframework.boot.test.mock.mockito.MockitoContextCustomizer@0, org.springframework.boot.test.web.client.TestRestTemplateContextCustomizer@57a3e26a, org.springframework.boot.test.autoconfigure.actuate.metrics.MetricsExportContextCustomizerFactory$DisableMetricExportContextCustomizer@27912e3, org.springframework.boot.test.autoconfigure.properties.PropertyMappingContextCustomizer@0, org.springframework.boot.test.autoconfigure.web.servlet.WebDriverContextCustomizerFactory$Customizer@3fce8fd9, org.springframework.boot.test.context.SpringBootTestArgs@1, org.springframework.boot.test.context.SpringBootTestWebEnvironment@3d3fcdb0], resourceBasePath = 'src/main/webapp', contextLoader = 'org.springframework.boot.test.context.SpringBootContextLoader', parent = [null]], attributes = map['org.springframework.test.context.web.ServletTestExecutionListener.activateListener' -> true, 'org.springframework.test.context.web.ServletTestExecutionListener.populatedRequestContextHolder' -> true, 'org.springframework.test.context.web.ServletTestExecutionListener.resetRequestContextHolder' -> true, 'org.springframework.test.context.event.ApplicationEventsTestExecutionListener.recordApplicationEvents' -> false]]
[2022-11-15 17:08:22.660] [INFO ] [SpringApplicationShutdownHook] org.springframework.orm.jpa.LocalContainerEntityManagerFactoryBean Closing JPA EntityManagerFactory for persistence unit 'default'
[2022-11-15 17:08:22.663] [INFO ] [SpringApplicationShutdownHook] com.zaxxer.hikari.HikariDataSource HikariPool-1 - Shutdown initiated...
[2022-11-15 17:08:22.680] [INFO ] [SpringApplicationShutdownHook] com.zaxxer.hikari.HikariDataSource HikariPool-1 - Shutdown completed.
[2022-11-15 17:08:47.081] [INFO ] [main] com.shop.service.MemberServiceTest Starting MemberServiceTest using Java 11.0.16 on DESKTOP-O08JD9T with PID 3280 (started by user1 in D:\Backend\jpa_mysql_shop)
[2022-11-15 17:08:47.081] [INFO ] [main] com.shop.service.MemberServiceTest No active profile set, falling back to 1 default profile: "default"
[2022-11-15 17:08:47.706] [INFO ] [main] org.springframework.data.repository.config.RepositoryConfigurationDelegate Bootstrapping Spring Data JPA repositories in DEFAULT mode.
[2022-11-15 17:08:47.743] [INFO ] [main] org.springframework.data.repository.config.RepositoryConfigurationDelegate Finished Spring Data repository scanning in 32 ms. Found 2 JPA repository interfaces.
[2022-11-15 17:08:48.144] [INFO ] [main] org.hibernate.jpa.internal.util.LogHelper HHH000204: Processing PersistenceUnitInfo [name: default]
[2022-11-15 17:08:48.178] [INFO ] [main] org.hibernate.Version HHH000412: Hibernate ORM core version 5.6.12.Final
[2022-11-15 17:08:48.301] [INFO ] [main] org.hibernate.annotations.common.Version HCANN000001: Hibernate Commons Annotations {5.1.2.Final}
[2022-11-15 17:08:48.408] [INFO ] [main] com.zaxxer.hikari.HikariDataSource HikariPool-1 - Starting...
[2022-11-15 17:08:48.726] [INFO ] [main] com.zaxxer.hikari.HikariDataSource HikariPool-1 - Start completed.
[2022-11-15 17:08:48.749] [INFO ] [main] org.hibernate.dialect.Dialect HHH000400: Using dialect: org.hibernate.dialect.MySQL8Dialect
[2022-11-15 17:08:49.238] [INFO ] [main] org.hibernate.engine.transaction.jta.platform.internal.JtaPlatformInitiator HHH000490: Using JtaPlatform implementation: [org.hibernate.engine.transaction.jta.platform.internal.NoJtaPlatform]
[2022-11-15 17:08:49.244] [INFO ] [main] org.springframework.orm.jpa.LocalContainerEntityManagerFactoryBean Initialized JPA EntityManagerFactory for persistence unit 'default'
[2022-11-15 17:08:49.298] [WARN ] [main] org.springframework.boot.autoconfigure.orm.jpa.JpaBaseConfiguration$JpaWebConfiguration spring.jpa.open-in-view is enabled by default. Therefore, database queries may be performed during view rendering. Explicitly configure spring.jpa.open-in-view to disable this warning
[2022-11-15 17:08:49.637] [WARN ] [main] org.springframework.boot.autoconfigure.security.servlet.UserDetailsServiceAutoConfiguration 

Using generated security password: 440ff8c5-bd2f-4ffc-96ff-36e11b846ff6

This generated password is for development use only. Your security configuration must be updated before running your application in production.

[2022-11-15 17:08:49.737] [INFO ] [main] org.springframework.security.web.DefaultSecurityFilterChain Will secure any request with [org.springframework.security.web.session.DisableEncodeUrlFilter@85eba52, org.springframework.security.web.context.request.async.WebAsyncManagerIntegrationFilter@1a34f8e2, org.springframework.security.web.context.SecurityContextPersistenceFilter@733e3c19, org.springframework.security.web.header.HeaderWriterFilter@1d0fc0bc, org.springframework.security.web.csrf.CsrfFilter@7827cdfc, org.springframework.security.web.authentication.logout.LogoutFilter@54f62ac6, org.springframework.security.web.savedrequest.RequestCacheAwareFilter@22bca04e, org.springframework.security.web.servletapi.SecurityContextHolderAwareRequestFilter@11ec2b2f, org.springframework.security.web.authentication.AnonymousAuthenticationFilter@222a7429, org.springframework.security.web.session.SessionManagementFilter@2dc319cf, org.springframework.security.web.access.ExceptionTranslationFilter@50d6af87]
[2022-11-15 17:08:50.533] [INFO ] [main] com.shop.service.MemberServiceTest Started MemberServiceTest in 3.745 seconds (JVM running for 4.504)
[2022-11-15 17:08:50.556] [INFO ] [main] org.springframework.test.context.transaction.TransactionContext Began transaction (1) for test context [DefaultTestContext@68ad99fe testClass = MemberServiceTest, testInstance = com.shop.service.MemberServiceTest@47d7e8b5, testMethod = saveMemberTest@MemberServiceTest, testException = [null], mergedContextConfiguration = [WebMergedContextConfiguration@485e36bc testClass = MemberServiceTest, locations = '{}', classes = '{class com.shop.ShopApplication}', contextInitializerClasses = '[]', activeProfiles = '{}', propertySourceLocations = '{}', propertySourceProperties = '{org.springframework.boot.test.context.SpringBootTestContextBootstrapper=true}', contextCustomizers = set[org.springframework.boot.test.context.filter.ExcludeFilterContextCustomizer@1787f2a0, org.springframework.boot.test.json.DuplicateJsonObjectContextCustomizerFactory$DuplicateJsonObjectContextCustomizer@35a3d49f, org.springframework.boot.test.mock.mockito.MockitoContextCustomizer@0, org.springframework.boot.test.web.client.TestRestTemplateContextCustomizer@57a3e26a, org.springframework.boot.test.autoconfigure.actuate.metrics.MetricsExportContextCustomizerFactory$DisableMetricExportContextCustomizer@27912e3, org.springframework.boot.test.autoconfigure.properties.PropertyMappingContextCustomizer@0, org.springframework.boot.test.autoconfigure.web.servlet.WebDriverContextCustomizerFactory$Customizer@3fce8fd9, org.springframework.boot.test.context.SpringBootTestArgs@1, org.springframework.boot.test.context.SpringBootTestWebEnvironment@3d3fcdb0], resourceBasePath = 'src/main/webapp', contextLoader = 'org.springframework.boot.test.context.SpringBootContextLoader', parent = [null]], attributes = map['org.springframework.test.context.web.ServletTestExecutionListener.activateListener' -> true, 'org.springframework.test.context.web.ServletTestExecutionListener.populatedRequestContextHolder' -> true, 'org.springframework.test.context.web.ServletTestExecutionListener.resetRequestContextHolder' -> true, 'org.springframework.test.context.event.ApplicationEventsTestExecutionListener.recordApplicationEvents' -> false]]; transaction manager [org.springframework.orm.jpa.JpaTransactionManager@606d2a92]; rollback [true]
[2022-11-15 17:08:50.772] [INFO ] [main] org.springframework.test.context.transaction.TransactionContext Rolled back transaction for test: [DefaultTestContext@68ad99fe testClass = MemberServiceTest, testInstance = com.shop.service.MemberServiceTest@47d7e8b5, testMethod = saveMemberTest@MemberServiceTest, testException = [null], mergedContextConfiguration = [WebMergedContextConfiguration@485e36bc testClass = MemberServiceTest, locations = '{}', classes = '{class com.shop.ShopApplication}', contextInitializerClasses = '[]', activeProfiles = '{}', propertySourceLocations = '{}', propertySourceProperties = '{org.springframework.boot.test.context.SpringBootTestContextBootstrapper=true}', contextCustomizers = set[org.springframework.boot.test.context.filter.ExcludeFilterContextCustomizer@1787f2a0, org.springframework.boot.test.json.DuplicateJsonObjectContextCustomizerFactory$DuplicateJsonObjectContextCustomizer@35a3d49f, org.springframework.boot.test.mock.mockito.MockitoContextCustomizer@0, org.springframework.boot.test.web.client.TestRestTemplateContextCustomizer@57a3e26a, org.springframework.boot.test.autoconfigure.actuate.metrics.MetricsExportContextCustomizerFactory$DisableMetricExportContextCustomizer@27912e3, org.springframework.boot.test.autoconfigure.properties.PropertyMappingContextCustomizer@0, org.springframework.boot.test.autoconfigure.web.servlet.WebDriverContextCustomizerFactory$Customizer@3fce8fd9, org.springframework.boot.test.context.SpringBootTestArgs@1, org.springframework.boot.test.context.SpringBootTestWebEnvironment@3d3fcdb0], resourceBasePath = 'src/main/webapp', contextLoader = 'org.springframework.boot.test.context.SpringBootContextLoader', parent = [null]], attributes = map['org.springframework.test.context.web.ServletTestExecutionListener.activateListener' -> true, 'org.springframework.test.context.web.ServletTestExecutionListener.populatedRequestContextHolder' -> true, 'org.springframework.test.context.web.ServletTestExecutionListener.resetRequestContextHolder' -> true, 'org.springframework.test.context.event.ApplicationEventsTestExecutionListener.recordApplicationEvents' -> false]]
[2022-11-15 17:08:50.782] [INFO ] [SpringApplicationShutdownHook] org.springframework.orm.jpa.LocalContainerEntityManagerFactoryBean Closing JPA EntityManagerFactory for persistence unit 'default'
[2022-11-15 17:08:50.785] [INFO ] [SpringApplicationShutdownHook] com.zaxxer.hikari.HikariDataSource HikariPool-1 - Shutdown initiated...
[2022-11-15 17:08:50.796] [INFO ] [SpringApplicationShutdownHook] com.zaxxer.hikari.HikariDataSource HikariPool-1 - Shutdown completed.
[2022-11-15 17:09:16.068] [INFO ] [main] com.shop.service.MemberServiceTest Starting MemberServiceTest using Java 11.0.16 on DESKTOP-O08JD9T with PID 14548 (started by user1 in D:\Backend\jpa_mysql_shop)
[2022-11-15 17:09:16.068] [INFO ] [main] com.shop.service.MemberServiceTest No active profile set, falling back to 1 default profile: "default"
[2022-11-15 17:09:16.718] [INFO ] [main] org.springframework.data.repository.config.RepositoryConfigurationDelegate Bootstrapping Spring Data JPA repositories in DEFAULT mode.
[2022-11-15 17:09:16.757] [INFO ] [main] org.springframework.data.repository.config.RepositoryConfigurationDelegate Finished Spring Data repository scanning in 32 ms. Found 2 JPA repository interfaces.
[2022-11-15 17:09:17.163] [INFO ] [main] org.hibernate.jpa.internal.util.LogHelper HHH000204: Processing PersistenceUnitInfo [name: default]
[2022-11-15 17:09:17.197] [INFO ] [main] org.hibernate.Version HHH000412: Hibernate ORM core version 5.6.12.Final
[2022-11-15 17:09:17.320] [INFO ] [main] org.hibernate.annotations.common.Version HCANN000001: Hibernate Commons Annotations {5.1.2.Final}
[2022-11-15 17:09:17.424] [INFO ] [main] com.zaxxer.hikari.HikariDataSource HikariPool-1 - Starting...
[2022-11-15 17:09:17.754] [INFO ] [main] com.zaxxer.hikari.HikariDataSource HikariPool-1 - Start completed.
[2022-11-15 17:09:17.787] [INFO ] [main] org.hibernate.dialect.Dialect HHH000400: Using dialect: org.hibernate.dialect.MySQL8Dialect
[2022-11-15 17:09:18.312] [INFO ] [main] org.hibernate.engine.transaction.jta.platform.internal.JtaPlatformInitiator HHH000490: Using JtaPlatform implementation: [org.hibernate.engine.transaction.jta.platform.internal.NoJtaPlatform]
[2022-11-15 17:09:18.318] [INFO ] [main] org.springframework.orm.jpa.LocalContainerEntityManagerFactoryBean Initialized JPA EntityManagerFactory for persistence unit 'default'
[2022-11-15 17:09:18.372] [WARN ] [main] org.springframework.boot.autoconfigure.orm.jpa.JpaBaseConfiguration$JpaWebConfiguration spring.jpa.open-in-view is enabled by default. Therefore, database queries may be performed during view rendering. Explicitly configure spring.jpa.open-in-view to disable this warning
[2022-11-15 17:09:18.724] [WARN ] [main] org.springframework.boot.autoconfigure.security.servlet.UserDetailsServiceAutoConfiguration 

Using generated security password: d22e7fcb-f607-447c-8c9c-1eae22550a4f

This generated password is for development use only. Your security configuration must be updated before running your application in production.

[2022-11-15 17:09:18.823] [INFO ] [main] org.springframework.security.web.DefaultSecurityFilterChain Will secure any request with [org.springframework.security.web.session.DisableEncodeUrlFilter@22657db1, org.springframework.security.web.context.request.async.WebAsyncManagerIntegrationFilter@58b30e3e, org.springframework.security.web.context.SecurityContextPersistenceFilter@2c257c0a, org.springframework.security.web.header.HeaderWriterFilter@7e24a2e2, org.springframework.security.web.csrf.CsrfFilter@438a65a7, org.springframework.security.web.authentication.logout.LogoutFilter@7f9b851c, org.springframework.security.web.savedrequest.RequestCacheAwareFilter@6f9b5f01, org.springframework.security.web.servletapi.SecurityContextHolderAwareRequestFilter@3180131e, org.springframework.security.web.authentication.AnonymousAuthenticationFilter@5325674a, org.springframework.security.web.session.SessionManagementFilter@7528089c, org.springframework.security.web.access.ExceptionTranslationFilter@1acfc058]
[2022-11-15 17:09:19.645] [INFO ] [main] com.shop.service.MemberServiceTest Started MemberServiceTest in 3.873 seconds (JVM running for 4.658)
[2022-11-15 17:09:19.669] [INFO ] [main] org.springframework.test.context.transaction.TransactionContext Began transaction (1) for test context [DefaultTestContext@5b1f29fa testClass = MemberServiceTest, testInstance = com.shop.service.MemberServiceTest@36e9fd4f, testMethod = saveMemberTest@MemberServiceTest, testException = [null], mergedContextConfiguration = [WebMergedContextConfiguration@aeab9a1 testClass = MemberServiceTest, locations = '{}', classes = '{class com.shop.ShopApplication}', contextInitializerClasses = '[]', activeProfiles = '{}', propertySourceLocations = '{}', propertySourceProperties = '{org.springframework.boot.test.context.SpringBootTestContextBootstrapper=true}', contextCustomizers = set[org.springframework.boot.test.context.filter.ExcludeFilterContextCustomizer@f627d13, org.springframework.boot.test.json.DuplicateJsonObjectContextCustomizerFactory$DuplicateJsonObjectContextCustomizer@748741cb, org.springframework.boot.test.mock.mockito.MockitoContextCustomizer@0, org.springframework.boot.test.web.client.TestRestTemplateContextCustomizer@7354b8c5, org.springframework.boot.test.autoconfigure.actuate.metrics.MetricsExportContextCustomizerFactory$DisableMetricExportContextCustomizer@4bf48f6, org.springframework.boot.test.autoconfigure.properties.PropertyMappingContextCustomizer@0, org.springframework.boot.test.autoconfigure.web.servlet.WebDriverContextCustomizerFactory$Customizer@27e47833, org.springframework.boot.test.context.SpringBootTestArgs@1, org.springframework.boot.test.context.SpringBootTestWebEnvironment@212bf671], resourceBasePath = 'src/main/webapp', contextLoader = 'org.springframework.boot.test.context.SpringBootContextLoader', parent = [null]], attributes = map['org.springframework.test.context.web.ServletTestExecutionListener.activateListener' -> true, 'org.springframework.test.context.web.ServletTestExecutionListener.populatedRequestContextHolder' -> true, 'org.springframework.test.context.web.ServletTestExecutionListener.resetRequestContextHolder' -> true, 'org.springframework.test.context.event.ApplicationEventsTestExecutionListener.recordApplicationEvents' -> false]]; transaction manager [org.springframework.orm.jpa.JpaTransactionManager@7915111a]; rollback [true]
[2022-11-15 17:09:19.880] [INFO ] [main] org.springframework.test.context.transaction.TransactionContext Rolled back transaction for test: [DefaultTestContext@5b1f29fa testClass = MemberServiceTest, testInstance = com.shop.service.MemberServiceTest@36e9fd4f, testMethod = saveMemberTest@MemberServiceTest, testException = [null], mergedContextConfiguration = [WebMergedContextConfiguration@aeab9a1 testClass = MemberServiceTest, locations = '{}', classes = '{class com.shop.ShopApplication}', contextInitializerClasses = '[]', activeProfiles = '{}', propertySourceLocations = '{}', propertySourceProperties = '{org.springframework.boot.test.context.SpringBootTestContextBootstrapper=true}', contextCustomizers = set[org.springframework.boot.test.context.filter.ExcludeFilterContextCustomizer@f627d13, org.springframework.boot.test.json.DuplicateJsonObjectContextCustomizerFactory$DuplicateJsonObjectContextCustomizer@748741cb, org.springframework.boot.test.mock.mockito.MockitoContextCustomizer@0, org.springframework.boot.test.web.client.TestRestTemplateContextCustomizer@7354b8c5, org.springframework.boot.test.autoconfigure.actuate.metrics.MetricsExportContextCustomizerFactory$DisableMetricExportContextCustomizer@4bf48f6, org.springframework.boot.test.autoconfigure.properties.PropertyMappingContextCustomizer@0, org.springframework.boot.test.autoconfigure.web.servlet.WebDriverContextCustomizerFactory$Customizer@27e47833, org.springframework.boot.test.context.SpringBootTestArgs@1, org.springframework.boot.test.context.SpringBootTestWebEnvironment@212bf671], resourceBasePath = 'src/main/webapp', contextLoader = 'org.springframework.boot.test.context.SpringBootContextLoader', parent = [null]], attributes = map['org.springframework.test.context.web.ServletTestExecutionListener.activateListener' -> true, 'org.springframework.test.context.web.ServletTestExecutionListener.populatedRequestContextHolder' -> true, 'org.springframework.test.context.web.ServletTestExecutionListener.resetRequestContextHolder' -> true, 'org.springframework.test.context.event.ApplicationEventsTestExecutionListener.recordApplicationEvents' -> false]]
[2022-11-15 17:09:19.891] [INFO ] [SpringApplicationShutdownHook] org.springframework.orm.jpa.LocalContainerEntityManagerFactoryBean Closing JPA EntityManagerFactory for persistence unit 'default'
[2022-11-15 17:09:19.893] [INFO ] [SpringApplicationShutdownHook] com.zaxxer.hikari.HikariDataSource HikariPool-1 - Shutdown initiated...
[2022-11-15 17:09:19.909] [INFO ] [SpringApplicationShutdownHook] com.zaxxer.hikari.HikariDataSource HikariPool-1 - Shutdown completed.
[2022-11-15 17:15:04.183] [INFO ] [main] com.shop.service.MemberServiceTest Starting MemberServiceTest using Java 11.0.16 on DESKTOP-O08JD9T with PID 18260 (started by user1 in D:\Backend\jpa_mysql_shop)
[2022-11-15 17:15:04.184] [INFO ] [main] com.shop.service.MemberServiceTest No active profile set, falling back to 1 default profile: "default"
[2022-11-15 17:15:04.807] [INFO ] [main] org.springframework.data.repository.config.RepositoryConfigurationDelegate Bootstrapping Spring Data JPA repositories in DEFAULT mode.
[2022-11-15 17:15:04.844] [INFO ] [main] org.springframework.data.repository.config.RepositoryConfigurationDelegate Finished Spring Data repository scanning in 31 ms. Found 2 JPA repository interfaces.
[2022-11-15 17:15:05.248] [INFO ] [main] org.hibernate.jpa.internal.util.LogHelper HHH000204: Processing PersistenceUnitInfo [name: default]
[2022-11-15 17:15:05.286] [INFO ] [main] org.hibernate.Version HHH000412: Hibernate ORM core version 5.6.12.Final
[2022-11-15 17:15:05.410] [INFO ] [main] org.hibernate.annotations.common.Version HCANN000001: Hibernate Commons Annotations {5.1.2.Final}
[2022-11-15 17:15:05.518] [INFO ] [main] com.zaxxer.hikari.HikariDataSource HikariPool-1 - Starting...
[2022-11-15 17:15:05.850] [INFO ] [main] com.zaxxer.hikari.HikariDataSource HikariPool-1 - Start completed.
[2022-11-15 17:15:05.874] [INFO ] [main] org.hibernate.dialect.Dialect HHH000400: Using dialect: org.hibernate.dialect.MySQL8Dialect
[2022-11-15 17:15:06.360] [INFO ] [main] org.hibernate.engine.transaction.jta.platform.internal.JtaPlatformInitiator HHH000490: Using JtaPlatform implementation: [org.hibernate.engine.transaction.jta.platform.internal.NoJtaPlatform]
[2022-11-15 17:15:06.365] [INFO ] [main] org.springframework.orm.jpa.LocalContainerEntityManagerFactoryBean Initialized JPA EntityManagerFactory for persistence unit 'default'
[2022-11-15 17:15:06.407] [WARN ] [main] org.springframework.boot.autoconfigure.orm.jpa.JpaBaseConfiguration$JpaWebConfiguration spring.jpa.open-in-view is enabled by default. Therefore, database queries may be performed during view rendering. Explicitly configure spring.jpa.open-in-view to disable this warning
[2022-11-15 17:15:06.738] [WARN ] [main] org.springframework.boot.autoconfigure.security.servlet.UserDetailsServiceAutoConfiguration 

Using generated security password: 7cb6a8a0-b6e9-4513-8217-0c0191be9c5d

This generated password is for development use only. Your security configuration must be updated before running your application in production.

[2022-11-15 17:15:06.838] [INFO ] [main] org.springframework.security.web.DefaultSecurityFilterChain Will secure any request with [org.springframework.security.web.session.DisableEncodeUrlFilter@63fde7ca, org.springframework.security.web.context.request.async.WebAsyncManagerIntegrationFilter@3a6409ec, org.springframework.security.web.context.SecurityContextPersistenceFilter@20276412, org.springframework.security.web.header.HeaderWriterFilter@6cd65042, org.springframework.security.web.csrf.CsrfFilter@64e247e, org.springframework.security.web.authentication.logout.LogoutFilter@85eba52, org.springframework.security.web.savedrequest.RequestCacheAwareFilter@11ec2b2f, org.springframework.security.web.servletapi.SecurityContextHolderAwareRequestFilter@16257f8c, org.springframework.security.web.authentication.AnonymousAuthenticationFilter@4779df3d, org.springframework.security.web.session.SessionManagementFilter@22bca04e, org.springframework.security.web.access.ExceptionTranslationFilter@1ec09a68]
[2022-11-15 17:15:07.640] [INFO ] [main] com.shop.service.MemberServiceTest Started MemberServiceTest in 3.756 seconds (JVM running for 4.526)
[2022-11-15 17:15:07.662] [INFO ] [main] org.springframework.test.context.transaction.TransactionContext Began transaction (1) for test context [DefaultTestContext@781f10f2 testClass = MemberServiceTest, testInstance = com.shop.service.MemberServiceTest@7d44e3c7, testMethod = saveMemberTest@MemberServiceTest, testException = [null], mergedContextConfiguration = [WebMergedContextConfiguration@2a79d4b1 testClass = MemberServiceTest, locations = '{}', classes = '{class com.shop.ShopApplication}', contextInitializerClasses = '[]', activeProfiles = '{}', propertySourceLocations = '{}', propertySourceProperties = '{org.springframework.boot.test.context.SpringBootTestContextBootstrapper=true}', contextCustomizers = set[org.springframework.boot.test.context.filter.ExcludeFilterContextCustomizer@163370c2, org.springframework.boot.test.json.DuplicateJsonObjectContextCustomizerFactory$DuplicateJsonObjectContextCustomizer@13d9cbf5, org.springframework.boot.test.mock.mockito.MockitoContextCustomizer@0, org.springframework.boot.test.web.client.TestRestTemplateContextCustomizer@4bc222e, org.springframework.boot.test.autoconfigure.actuate.metrics.MetricsExportContextCustomizerFactory$DisableMetricExportContextCustomizer@43015c69, org.springframework.boot.test.autoconfigure.properties.PropertyMappingContextCustomizer@0, org.springframework.boot.test.autoconfigure.web.servlet.WebDriverContextCustomizerFactory$Customizer@7d94beb9, org.springframework.boot.test.context.SpringBootTestArgs@1, org.springframework.boot.test.context.SpringBootTestWebEnvironment@3d3fcdb0], resourceBasePath = 'src/main/webapp', contextLoader = 'org.springframework.boot.test.context.SpringBootContextLoader', parent = [null]], attributes = map['org.springframework.test.context.web.ServletTestExecutionListener.activateListener' -> true, 'org.springframework.test.context.web.ServletTestExecutionListener.populatedRequestContextHolder' -> true, 'org.springframework.test.context.web.ServletTestExecutionListener.resetRequestContextHolder' -> true, 'org.springframework.test.context.event.ApplicationEventsTestExecutionListener.recordApplicationEvents' -> false]]; transaction manager [org.springframework.orm.jpa.JpaTransactionManager@7ef34eb3]; rollback [true]
[2022-11-15 17:15:07.864] [INFO ] [main] org.springframework.test.context.transaction.TransactionContext Rolled back transaction for test: [DefaultTestContext@781f10f2 testClass = MemberServiceTest, testInstance = com.shop.service.MemberServiceTest@7d44e3c7, testMethod = saveMemberTest@MemberServiceTest, testException = [null], mergedContextConfiguration = [WebMergedContextConfiguration@2a79d4b1 testClass = MemberServiceTest, locations = '{}', classes = '{class com.shop.ShopApplication}', contextInitializerClasses = '[]', activeProfiles = '{}', propertySourceLocations = '{}', propertySourceProperties = '{org.springframework.boot.test.context.SpringBootTestContextBootstrapper=true}', contextCustomizers = set[org.springframework.boot.test.context.filter.ExcludeFilterContextCustomizer@163370c2, org.springframework.boot.test.json.DuplicateJsonObjectContextCustomizerFactory$DuplicateJsonObjectContextCustomizer@13d9cbf5, org.springframework.boot.test.mock.mockito.MockitoContextCustomizer@0, org.springframework.boot.test.web.client.TestRestTemplateContextCustomizer@4bc222e, org.springframework.boot.test.autoconfigure.actuate.metrics.MetricsExportContextCustomizerFactory$DisableMetricExportContextCustomizer@43015c69, org.springframework.boot.test.autoconfigure.properties.PropertyMappingContextCustomizer@0, org.springframework.boot.test.autoconfigure.web.servlet.WebDriverContextCustomizerFactory$Customizer@7d94beb9, org.springframework.boot.test.context.SpringBootTestArgs@1, org.springframework.boot.test.context.SpringBootTestWebEnvironment@3d3fcdb0], resourceBasePath = 'src/main/webapp', contextLoader = 'org.springframework.boot.test.context.SpringBootContextLoader', parent = [null]], attributes = map['org.springframework.test.context.web.ServletTestExecutionListener.activateListener' -> true, 'org.springframework.test.context.web.ServletTestExecutionListener.populatedRequestContextHolder' -> true, 'org.springframework.test.context.web.ServletTestExecutionListener.resetRequestContextHolder' -> true, 'org.springframework.test.context.event.ApplicationEventsTestExecutionListener.recordApplicationEvents' -> false]]
[2022-11-15 17:15:07.874] [INFO ] [SpringApplicationShutdownHook] org.springframework.orm.jpa.LocalContainerEntityManagerFactoryBean Closing JPA EntityManagerFactory for persistence unit 'default'
[2022-11-15 17:15:07.877] [INFO ] [SpringApplicationShutdownHook] com.zaxxer.hikari.HikariDataSource HikariPool-1 - Shutdown initiated...
[2022-11-15 17:15:07.893] [INFO ] [SpringApplicationShutdownHook] com.zaxxer.hikari.HikariDataSource HikariPool-1 - Shutdown completed.
